==> Processing /mnt/home/sotaro-ici/othello_complexity_rs/result/random_play/result41.txt -> /mnt/home/sotaro-ici/othello_complexity_rs/result/random_play/result41
info: read 50 board(s) from '/mnt/home/sotaro-ici/othello_complexity_rs/result/random_play/result41.txt'.
info: writing outputs under '/mnt/home/sotaro-ici/othello_complexity_rs/result/random_play/result41'
info: discs = 10: internal = 401, leaf = 1773
info: MAX_NODES = 100000000
info: found unique board in leafnodes:
unique player = 68428800
unique opponent = 8899574890496
board player = 10155106574008320
board opponent = 103482392576
info: found unique board in leafnodes:
unique player = 85968683008
unique opponent = 4433345773568
board player = 74904900730880
board opponent = 120529616896
info: found unique board in leafnodes:
unique player = 34830024704
unique opponent = 68719742464
board player = 8916486324224
board opponent = 3945047988895744
info: found unique board in leafnodes:
unique player = 1006764032
unique opponent = 35313221107712
board player = 70626442215424
board opponent = 2013528064
info: found unique board in leafnodes:
unique player = 86704653312
unique opponent = 4432540993536
board player = 1126106400817152
board opponent = 2260630400925696
==> Done: /mnt/home/sotaro-ici/othello_complexity_rs/result/random_play/result41.txt
