==> Processing /mnt/home/sotaro-ici/othello_complexity_rs/result/random_play/result60.txt -> /mnt/home/sotaro-ici/othello_complexity_rs/result/random_play/result60
info: read 50 board(s) from '/mnt/home/sotaro-ici/othello_complexity_rs/result/random_play/result60.txt'.
info: writing outputs under '/mnt/home/sotaro-ici/othello_complexity_rs/result/random_play/result60'
info: discs = 10: internal = 401, leaf = 1773
info: MAX_NODES = 100000000
pass found
pass found
pass found
pass found
pass found
pass found
pass found
pass found
pass found
pass found
pass found
pass found
pass found
pass found
pass found
pass found
pass found
pass found
pass found
pass found
pass found
pass found
pass found
pass found
pass found
pass found
pass found
pass found
pass found
pass found
pass found
pass found
pass found
pass found
pass found
pass found
pass found
pass found
pass found
pass found
pass found
pass found
pass found
pass found
pass found
pass found
pass found
pass found
pass found
pass found
pass found
pass found
pass found
pass found
pass found
pass found
pass found
pass found
pass found
pass found
pass found
pass found
pass found
pass found
pass found
pass found
pass found
pass found
pass found
pass found
pass found
pass found
pass found
pass found
pass found
pass found
pass found
pass found
pass found
pass found
pass found
pass found
pass found
pass found
pass found
pass found
pass found
pass found
pass found
pass found
pass found
==> Done: /mnt/home/sotaro-ici/othello_complexity_rs/result/random_play/result60.txt
